<?xml version="1.0" encoding="UTF-8"?>
<!-- Generated by org.testng.reporters.JUnitReportReporter -->
<testsuite hostname="Jyothsna" failures="0" tests="1" name="TestCase.LoginTest" time="5.820" errors="0" timestamp="2025-03-21T10:23:38 IST" skipped="0">
  <testcase classname="TestCase.LoginTest" name="Login" time="5.820"/>
  <system-out/>
</testsuite> <!-- TestCase.LoginTest -->
