<?xml version="1.0" encoding="UTF-8"?>
<!-- Generated by org.testng.reporters.JUnitReportReporter -->
<testsuite hostname="Jyothsna" failures="0" tests="1" name="TestCase.LoginTest" time="10.667" errors="0" timestamp="2025-03-22T09:46:49 IST" skipped="0">
  <testcase classname="TestCase.LoginTest" name="Login" time="10.667"/>
</testsuite> <!-- TestCase.LoginTest -->
